# JRE version: Java(TM) SE Runtime Environment (14.0.2+12) (build 14.0.2+12-46)
# Java VM: Java HotSpot(TM) 64-Bit Server VM (14.0.2+12-46, mixed mode, sharing, tiered, compressed oops, g1 gc, windows-amd64)
Heap:
 garbage-first heap   total 129024K, used 55924K [0x0000000083e00000, 0x0000000100000000)
  region size 1024K, 2 young (2048K), 1 survivors (1024K)
 Metaspace       used 11997K, capacity 12244K, committed 12544K, reserved 1060864K
  class space    used 1292K, capacity 1414K, committed 1536K, reserved 1048576K
GC Heap History (20 events):
Event: 9622.347 GC heap before
{Heap before GC invocations=63 (full 0):
 garbage-first heap   total 129024K, used 112168K [0x0000000083e00000, 0x0000000100000000)
  region size 1024K, 62 young (63488K), 1 survivors (1024K)
 Metaspace       used 11992K, capacity 12292K, committed 12544K, reserved 1060864K
  class space    used 1300K, capacity 1434K, committed 1536K, reserved 1048576K
}
Event: 9622.348 GC heap after
{Heap after GC invocations=64 (full 0):
 garbage-first heap   total 129024K, used 50734K [0x0000000083e00000, 0x0000000100000000)
  region size 1024K, 1 young (1024K), 1 survivors (1024K)
 Metaspace       used 11992K, capacity 12292K, committed 12544K, reserved 1060864K
  class space    used 1300K, capacity 1434K, committed 1536K, reserved 1048576K
}
Event: 9622.724 GC heap before
{Heap before GC invocations=64 (full 0):
 garbage-first heap   total 129024K, used 112174K [0x0000000083e00000, 0x0000000100000000)
  region size 1024K, 61 young (62464K), 1 survivors (1024K)
 Metaspace       used 11992K, capacity 12292K, committed 12544K, reserved 1060864K
  class space    used 1300K, capacity 1434K, committed 1536K, reserved 1048576K
}
Event: 9622.725 GC heap after
{Heap after GC invocations=65 (full 0):
 garbage-first heap   total 129024K, used 50736K [0x0000000083e00000, 0x0000000100000000)
  region size 1024K, 1 young (1024K), 1 survivors (1024K)
 Metaspace       used 11992K, capacity 12292K, committed 12544K, reserved 1060864K
  class space    used 1300K, capacity 1434K, committed 1536K, reserved 1048576K
}
Event: 9623.131 GC heap before
{Heap before GC invocations=65 (full 0):
 garbage-first heap   total 129024K, used 113200K [0x0000000083e00000, 0x0000000100000000)
  region size 1024K, 63 young (64512K), 1 survivors (1024K)
 Metaspace       used 11992K, capacity 12292K, committed 12544K, reserved 1060864K
  class space    used 1300K, capacity 1434K, committed 1536K, reserved 1048576K
}
Event: 9623.132 GC heap after
{Heap after GC invocations=66 (full 0):
 garbage-first heap   total 129024K, used 50730K [0x0000000083e00000, 0x0000000100000000)
  region size 1024K, 1 young (1024K), 1 survivors (1024K)
 Metaspace       used 11992K, capacity 12292K, committed 12544K, reserved 1060864K
  class space    used 1300K, capacity 1434K, committed 1536K, reserved 1048576K
}
Event: 9623.599 GC heap before
{Heap before GC invocations=66 (full 0):
 garbage-first heap   total 129024K, used 113194K [0x0000000083e00000, 0x0000000100000000)
  region size 1024K, 63 young (64512K), 1 survivors (1024K)
 Metaspace       used 11992K, capacity 12292K, committed 12544K, reserved 1060864K
  class space    used 1300K, capacity 1434K, committed 1536K, reserved 1048576K
}
Event: 9623.600 GC heap after
{Heap after GC invocations=67 (full 0):
 garbage-first heap   total 129024K, used 50730K [0x0000000083e00000, 0x0000000100000000)
  region size 1024K, 1 young (1024K), 1 survivors (1024K)
 Metaspace       used 11992K, capacity 12292K, committed 12544K, reserved 1060864K
  class space    used 1300K, capacity 1434K, committed 1536K, reserved 1048576K
}
Event: 9624.037 GC heap before
{Heap before GC invocations=67 (full 0):
 garbage-first heap   total 129024K, used 113194K [0x0000000083e00000, 0x0000000100000000)
  region size 1024K, 63 young (64512K), 1 survivors (1024K)
 Metaspace       used 11992K, capacity 12292K, committed 12544K, reserved 1060864K
  class space    used 1300K, capacity 1434K, committed 1536K, reserved 1048576K
}
Event: 9624.038 GC heap after
{Heap after GC invocations=68 (full 0):
 garbage-first heap   total 129024K, used 50732K [0x0000000083e00000, 0x0000000100000000)
  region size 1024K, 1 young (1024K), 1 survivors (1024K)
 Metaspace       used 11992K, capacity 12292K, committed 12544K, reserved 1060864K
  class space    used 1300K, capacity 1434K, committed 1536K, reserved 1048576K
}
Event: 9624.387 GC heap before
{Heap before GC invocations=68 (full 0):
 garbage-first heap   total 129024K, used 113196K [0x0000000083e00000, 0x0000000100000000)
  region size 1024K, 62 young (63488K), 1 survivors (1024K)
 Metaspace       used 11992K, capacity 12292K, committed 12544K, reserved 1060864K
  class space    used 1300K, capacity 1434K, committed 1536K, reserved 1048576K
}
Event: 9624.388 GC heap after
{Heap after GC invocations=69 (full 0):
 garbage-first heap   total 129024K, used 50820K [0x0000000083e00000, 0x0000000100000000)
  region size 1024K, 1 young (1024K), 1 survivors (1024K)
 Metaspace       used 11992K, capacity 12292K, committed 12544K, reserved 1060864K
  class space    used 1300K, capacity 1434K, committed 1536K, reserved 1048576K
}
Event: 12738.532 GC heap before
{Heap before GC invocations=69 (full 0):
 garbage-first heap   total 129024K, used 64132K [0x0000000083e00000, 0x0000000100000000)
  region size 1024K, 10 young (10240K), 1 survivors (1024K)
 Metaspace       used 12004K, capacity 12294K, committed 12544K, reserved 1060864K
  class space    used 1303K, capacity 1435K, committed 1536K, reserved 1048576K
}
Event: 12738.532 GC heap after
{Heap after GC invocations=70 (full 0):
 garbage-first heap   total 129024K, used 55876K [0x0000000083e00000, 0x0000000100000000)
  region size 1024K, 1 young (1024K), 1 survivors (1024K)
 Metaspace       used 12004K, capacity 12294K, committed 12544K, reserved 1060864K
  class space    used 1303K, capacity 1435K, committed 1536K, reserved 1048576K
}
Event: 12738.939 GC heap before
{Heap before GC invocations=71 (full 0):
 garbage-first heap   total 129024K, used 54852K [0x0000000083e00000, 0x0000000100000000)
  region size 1024K, 2 young (2048K), 1 survivors (1024K)
 Metaspace       used 11976K, capacity 12244K, committed 12544K, reserved 1060864K
  class space    used 1292K, capacity 1414K, committed 1536K, reserved 1048576K
}
Event: 12738.939 GC heap after
{Heap after GC invocations=72 (full 0):
 garbage-first heap   total 129024K, used 54869K [0x0000000083e00000, 0x0000000100000000)
  region size 1024K, 1 young (1024K), 1 survivors (1024K)
 Metaspace       used 11976K, capacity 12244K, committed 12544K, reserved 1060864K
  class space    used 1292K, capacity 1414K, committed 1536K, reserved 1048576K
}
Event: 12738.979 GC heap before
{Heap before GC invocations=73 (full 0):
 garbage-first heap   total 129024K, used 66133K [0x0000000083e00000, 0x0000000100000000)
  region size 1024K, 2 young (2048K), 1 survivors (1024K)
 Metaspace       used 11976K, capacity 12244K, committed 12544K, reserved 1060864K
  class space    used 1292K, capacity 1414K, committed 1536K, reserved 1048576K
}
Event: 12738.980 GC heap after
{Heap after GC invocations=74 (full 0):
 garbage-first heap   total 129024K, used 66120K [0x0000000083e00000, 0x0000000100000000)
  region size 1024K, 1 young (1024K), 1 survivors (1024K)
 Metaspace       used 11976K, capacity 12244K, committed 12544K, reserved 1060864K
  class space    used 1292K, capacity 1414K, committed 1536K, reserved 1048576K
}
Event: 12739.324 GC heap before
{Heap before GC invocations=75 (full 0):
 garbage-first heap   total 129024K, used 57928K [0x0000000083e00000, 0x0000000100000000)
  region size 1024K, 2 young (2048K), 1 survivors (1024K)
 Metaspace       used 11996K, capacity 12244K, committed 12544K, reserved 1060864K
  class space    used 1292K, capacity 1414K, committed 1536K, reserved 1048576K
}
Event: 12739.325 GC heap after
{Heap after GC invocations=76 (full 0):
 garbage-first heap   total 129024K, used 47732K [0x0000000083e00000, 0x0000000100000000)
  region size 1024K, 1 young (1024K), 1 survivors (1024K)
 Metaspace       used 11996K, capacity 12244K, committed 12544K, reserved 1060864K
  class space    used 1292K, capacity 1414K, committed 1536K, reserved 1048576K
}

